Using pre-set license
Built from '2020.3/staging' branch; Version is '2020.3.16f1 (049d6eca3c44) revision 302446'; Using compiler version '192528614'; Build Type 'Release'
OS: 'Windows 10 Home; OS build 19043.1165; Version 2009; 64bit' Language: 'en' Physical Memory: 7674 MB
BatchMode: 1, IsHumanControllingUs: 0, StartBugReporterOnCrash: 0, Is64bit: 1, IsPro: 0

 COMMAND LINE ARGUMENTS:
C:\Program Files\Unity\Hub\Editor\2020.3.16f1\Editor\Unity.exe
-adb2
-batchMode
-noUpm
-name
AssetImportWorker4
-projectPath
C:/Games/Game-Templates/EndlessRunner
-logFile
Logs/AssetImportWorker4.log
-srvPort
1049
Successfully changed project path to: C:/Games/Game-Templates/EndlessRunner
C:/Games/Game-Templates/EndlessRunner
Using Asset Import Pipeline V2.
Refreshing native plugins compatible for Editor in 112.53 ms, found 2 plugins.
Preloading 0 native plugins for Editor in 0.00 ms.
Initialize engine version: 2020.3.16f1 (049d6eca3c44)
[Subsystems] Discovering subsystems at path C:/Program Files/Unity/Hub/Editor/2020.3.16f1/Editor/Data/Resources/UnitySubsystems
[Subsystems] Discovering subsystems at path C:/Games/Game-Templates/EndlessRunner/Assets
GfxDevice: creating device client; threaded=0
Direct3D:
    Version:  Direct3D 11.0 [level 11.0]
    Renderer: AMD Radeon HD 6550D (ID=0x9640)
    Vendor:   
    VRAM:     495 MB
    Driver:   15.201.1151.0
Initialize mono
Mono path[0] = 'C:/Program Files/Unity/Hub/Editor/2020.3.16f1/Editor/Data/Managed'
Mono path[1] = 'C:/Program Files/Unity/Hub/Editor/2020.3.16f1/Editor/Data/MonoBleedingEdge/lib/mono/unityjit'
Mono config path = 'C:/Program Files/Unity/Hub/Editor/2020.3.16f1/Editor/Data/MonoBleedingEdge/etc'
Using monoOptions --debugger-agent=transport=dt_socket,embedding=1,server=y,suspend=n,address=127.0.0.1:56856
Begin MonoManager ReloadAssembly
Registering precompiled unity dll's ...
Register platform support module: C:/Program Files/Unity/Hub/Editor/2020.3.16f1/Editor/Data/PlaybackEngines/WindowsStandaloneSupport/UnityEditor.WindowsStandalone.Extensions.dll
Registered in 0.004693 seconds.
Native extension for WindowsStandalone target not found
Refreshing native plugins compatible for Editor in 72.58 ms, found 2 plugins.
Preloading 0 native plugins for Editor in 0.00 ms.
Mono: successfully reloaded assembly
- Completed reload, in  3.742 seconds
Domain Reload Profiling:
	ReloadAssembly (3743ms)
		BeginReloadAssembly (159ms)
			ExecutionOrderSort (0ms)
			DisableScriptedObjects (0ms)
			BackupInstance (0ms)
			ReleaseScriptingObjects (0ms)
			CreateAndSetChildDomain (2ms)
		EndReloadAssembly (1101ms)
			LoadAssemblies (153ms)
			RebuildTransferFunctionScriptingTraits (0ms)
			SetupTypeCache (358ms)
			ReleaseScriptCaches (0ms)
			RebuildScriptCaches (94ms)
			SetupLoadedEditorAssemblies (423ms)
				LogAssemblyErrors (0ms)
				InitializePlatformSupportModulesInManaged (10ms)
				SetLoadedEditorAssemblies (1ms)
				RefreshPlugins (73ms)
				BeforeProcessingInitializeOnLoad (36ms)
				ProcessInitializeOnLoadAttributes (224ms)
				ProcessInitializeOnLoadMethodAttributes (79ms)
				AfterProcessingInitializeOnLoad (0ms)
				EditorAssembliesLoaded (1ms)
			ExecutionOrderSort2 (0ms)
			AwakeInstancesAfterBackupRestoration (0ms)
Platform modules already initialized, skipping
Registering precompiled user dll's ...
Registered in 0.008789 seconds.
Begin MonoManager ReloadAssembly
Native extension for WindowsStandalone target not found
Refreshing native plugins compatible for Editor in 0.78 ms, found 2 plugins.
Preloading 0 native plugins for Editor in 0.00 ms.
Mono: successfully reloaded assembly
- Completed reload, in  4.724 seconds
Domain Reload Profiling:
	ReloadAssembly (4727ms)
		BeginReloadAssembly (544ms)
			ExecutionOrderSort (0ms)
			DisableScriptedObjects (15ms)
			BackupInstance (0ms)
			ReleaseScriptingObjects (0ms)
			CreateAndSetChildDomain (39ms)
		EndReloadAssembly (3954ms)
			LoadAssemblies (1232ms)
			RebuildTransferFunctionScriptingTraits (0ms)
			SetupTypeCache (738ms)
			ReleaseScriptCaches (1ms)
			RebuildScriptCaches (100ms)
			SetupLoadedEditorAssemblies (1698ms)
				LogAssemblyErrors (0ms)
				InitializePlatformSupportModulesInManaged (13ms)
				SetLoadedEditorAssemblies (2ms)
				RefreshPlugins (1ms)
				BeforeProcessingInitializeOnLoad (219ms)
				ProcessInitializeOnLoadAttributes (1424ms)
				ProcessInitializeOnLoadMethodAttributes (20ms)
				AfterProcessingInitializeOnLoad (18ms)
				EditorAssembliesLoaded (1ms)
			ExecutionOrderSort2 (0ms)
			AwakeInstancesAfterBackupRestoration (20ms)
Platform modules already initialized, skipping
========================================================================
Worker process is ready to serve import requests
Launched and connected shader compiler UnityShaderCompiler.exe after 0.67 seconds
Refreshing native plugins compatible for Editor in 0.77 ms, found 2 plugins.
Preloading 0 native plugins for Editor in 0.00 ms.
Unloading 1422 Unused Serialized files (Serialized files now loaded: 0)
System memory in use before: 65.6 MB.
System memory in use after: 65.6 MB.

Unloading 18 unused Assets to reduce memory usage. Loaded Objects now: 1855.
Total: 7.169068 ms (FindLiveObjects: 0.480578 ms CreateObjectMapping: 0.076756 ms MarkObjects: 6.388312 ms  DeleteObjects: 0.215600 ms)

AssetImportParameters requested are different than current active one (requested -> active):
  custom:framework-win-MediaFoundation: 216162199b28c13a410421893ffa2e32 -> 
  custom:video-decoder-ogg-theora: a1e56fd34408186e4bbccfd4996cb3dc -> 
  custom:container-muxer-webm: aa71ff27fc2769a1b78a27578f13a17b -> 
  custom:container-demuxer-webm: 4f35f7cbe854078d1ac9338744f61a02 -> 
  custom:container-demuxer-ogg: 62fdf1f143b41e24485cea50d1cbac27 -> 
  custom:video-encoder-webm-vp8: eb34c28f22e8b96e1ab97ce403110664 -> 
  custom:video-decoder-webm-vp8: 9c59270c3fd7afecdb556c50c9e8de78 -> 
  custom:audio-decoder-ogg-vorbis: bf7c407c2cedff20999df2af8eb42d56 -> 
  custom:audio-encoder-webm-vorbis: bf7c407c2cedff20999df2af8eb42d56 -> 
========================================================================
Received Import Request.
  path: Assets/Resources/models/environment/buildings/low-poly-city
  artifactKey: Guid(3deb97c180dbb5444959398cef81d1b5) Importer(815301076,1909f56bfc062723c751e8b465ee728b)
Start importing Assets/Resources/models/environment/buildings/low-poly-city using Guid(3deb97c180dbb5444959398cef81d1b5) Importer(815301076,1909f56bfc062723c751e8b465ee728b)  -> (artifact id: '5d435d8e1f610d7820e0269ae3174b6e') in 0.033794 seconds 
  Import took 0.038269 seconds .

========================================================================
Received Import Request.
  Time since last request: 0.000411 seconds.
  path: Assets/Resources/models/environment/buildings/lowpoly-shops/source
  artifactKey: Guid(58f2c600e19284748ac7a3d12450bfa5) Importer(815301076,1909f56bfc062723c751e8b465ee728b)
Start importing Assets/Resources/models/environment/buildings/lowpoly-shops/source using Guid(58f2c600e19284748ac7a3d12450bfa5) Importer(815301076,1909f56bfc062723c751e8b465ee728b)  -> (artifact id: 'f1edc4982637758e2d96dd29fad9ccec') in 0.050001 seconds 
  Import took 0.056336 seconds .

========================================================================
Received Import Request.
  Time since last request: 0.000755 seconds.
  path: Assets/Resources/models/environment/buildings/lowpoly-shops
  artifactKey: Guid(420aff41bc68b8446a3f6af8ebb4b184) Importer(815301076,1909f56bfc062723c751e8b465ee728b)
Start importing Assets/Resources/models/environment/buildings/lowpoly-shops using Guid(420aff41bc68b8446a3f6af8ebb4b184) Importer(815301076,1909f56bfc062723c751e8b465ee728b)  -> (artifact id: '4f2d9d803a9c219426243f0a6f6b1314') in 0.040997 seconds 
  Import took 0.070104 seconds .

========================================================================
Received Import Request.
  Time since last request: 0.000468 seconds.
  path: Assets/Resources/models/environment/buildings/low-poly-city/source/Sketchfab_2020_11_25_12_21_25.blend
  artifactKey: Guid(3080175208f91124dbce4933eca6e63c) Importer(815301076,1909f56bfc062723c751e8b465ee728b)
Start importing Assets/Resources/models/environment/buildings/low-poly-city/source/Sketchfab_2020_11_25_12_21_25.blend using Guid(3080175208f91124dbce4933eca6e63c) Importer(815301076,1909f56bfc062723c751e8b465ee728b)  -> (artifact id: 'bbc026b6e208fb283470b5ff923751e5') in 4.143307 seconds 
  Import took 4.194055 seconds .

========================================================================
Received Import Request.
  Time since last request: 0.000426 seconds.
  path: Assets/Resources/models/environment/buildings/lowpoly-shops/source/Sketchfab_2021_05_01_00_30_28.blend
  artifactKey: Guid(5c1aa908d31364243a06703e0e45db39) Importer(815301076,1909f56bfc062723c751e8b465ee728b)
Start importing Assets/Resources/models/environment/buildings/lowpoly-shops/source/Sketchfab_2021_05_01_00_30_28.blend using Guid(5c1aa908d31364243a06703e0e45db39) Importer(815301076,1909f56bfc062723c751e8b465ee728b)  -> (artifact id: '7ce725adb5610f3c10ddcc3774beccd0') in 0.691134 seconds 
  Import took 0.695690 seconds .

========================================================================
Received Import Request.
  Time since last request: 0.000530 seconds.
  path: Assets/Resources/models/environment
  artifactKey: Guid(0f7542e70c87dfc40bed2f49a77a0dcc) Importer(815301076,1909f56bfc062723c751e8b465ee728b)
Start importing Assets/Resources/models/environment using Guid(0f7542e70c87dfc40bed2f49a77a0dcc) Importer(815301076,1909f56bfc062723c751e8b465ee728b)  -> (artifact id: '80e23496bc3534084f773c00108663b5') in 0.029051 seconds 
  Import took 0.033382 seconds .

========================================================================
Received Import Request.
  Time since last request: 0.000811 seconds.
  path: Assets/Resources/models/environment/buildings/low-poly-city/source
  artifactKey: Guid(a49842006f788674eb31c3b7c465a413) Importer(815301076,1909f56bfc062723c751e8b465ee728b)
Start importing Assets/Resources/models/environment/buildings/low-poly-city/source using Guid(a49842006f788674eb31c3b7c465a413) Importer(815301076,1909f56bfc062723c751e8b465ee728b)  -> (artifact id: '03ceb42b5a842b3cb3c9874dcf77fa58') in 0.028157 seconds 
  Import took 0.056774 seconds .

========================================================================
Received Import Request.
  Time since last request: 0.001955 seconds.
  path: Assets/Resources/models/environment/buildings
  artifactKey: Guid(7153712b7a6d145419d7f7ffb3e723ed) Importer(815301076,1909f56bfc062723c751e8b465ee728b)
Start importing Assets/Resources/models/environment/buildings using Guid(7153712b7a6d145419d7f7ffb3e723ed) Importer(815301076,1909f56bfc062723c751e8b465ee728b)  -> (artifact id: '15f663c6fdd91b0a2bf7dae966122eb7') in 0.012631 seconds 
  Import took 0.059468 seconds .

========================================================================
Received Import Request.
  Time since last request: 2049.985584 seconds.
  path: Assets/Resources/materials/floor-mat.mat
  artifactKey: Guid(12e152ab970260648bc963da17970e03) Importer(815301076,1909f56bfc062723c751e8b465ee728b)
Start importing Assets/Resources/materials/floor-mat.mat using Guid(12e152ab970260648bc963da17970e03) Importer(815301076,1909f56bfc062723c751e8b465ee728b)  -> (artifact id: 'ca37971f9de9943be6de3e1abb68cd9c') in 0.135325 seconds 
  Import took 0.139877 seconds .

========================================================================
Received Import Request.
  Time since last request: 36.781864 seconds.
  path: Assets/Resources/materials/floor-mat.mat
  artifactKey: Guid(12e152ab970260648bc963da17970e03) Importer(815301076,1909f56bfc062723c751e8b465ee728b)
Start importing Assets/Resources/materials/floor-mat.mat using Guid(12e152ab970260648bc963da17970e03) Importer(815301076,1909f56bfc062723c751e8b465ee728b)  -> (artifact id: 'c14e690bc534f97c0b45b2fda18f5e9c') in 0.071975 seconds 
  Import took 0.077376 seconds .

========================================================================
Received Prepare
Registering precompiled user dll's ...
Registered in 0.007546 seconds.
Begin MonoManager ReloadAssembly
Native extension for WindowsStandalone target not found
Refreshing native plugins compatible for Editor in 0.93 ms, found 2 plugins.
Preloading 0 native plugins for Editor in 0.00 ms.
Mono: successfully reloaded assembly
- Completed reload, in  2.340 seconds
Domain Reload Profiling:
	ReloadAssembly (2341ms)
		BeginReloadAssembly (238ms)
			ExecutionOrderSort (0ms)
			DisableScriptedObjects (10ms)
			BackupInstance (0ms)
			ReleaseScriptingObjects (0ms)
			CreateAndSetChildDomain (70ms)
		EndReloadAssembly (1963ms)
			LoadAssemblies (204ms)
			RebuildTransferFunctionScriptingTraits (0ms)
			SetupTypeCache (553ms)
			ReleaseScriptCaches (1ms)
			RebuildScriptCaches (80ms)
			SetupLoadedEditorAssemblies (908ms)
				LogAssemblyErrors (0ms)
				InitializePlatformSupportModulesInManaged (12ms)
				SetLoadedEditorAssemblies (1ms)
				RefreshPlugins (1ms)
				BeforeProcessingInitializeOnLoad (184ms)
				ProcessInitializeOnLoadAttributes (683ms)
				ProcessInitializeOnLoadMethodAttributes (11ms)
				AfterProcessingInitializeOnLoad (15ms)
				EditorAssembliesLoaded (1ms)
			ExecutionOrderSort2 (0ms)
			AwakeInstancesAfterBackupRestoration (17ms)
Platform modules already initialized, skipping
Refreshing native plugins compatible for Editor in 0.65 ms, found 2 plugins.
Preloading 0 native plugins for Editor in 0.00 ms.
Unloading 1416 Unused Serialized files (Serialized files now loaded: 0)
System memory in use before: 69.2 MB.
System memory in use after: 69.3 MB.

Unloading 14 unused Assets to reduce memory usage. Loaded Objects now: 1900.
Total: 6.159512 ms (FindLiveObjects: 0.480578 ms CreateObjectMapping: 0.077733 ms MarkObjects: 5.536178 ms  DeleteObjects: 0.056222 ms)

AssetImportParameters requested are different than current active one (requested -> active):
  custom:framework-win-MediaFoundation: 216162199b28c13a410421893ffa2e32 -> 
  custom:video-decoder-ogg-theora: a1e56fd34408186e4bbccfd4996cb3dc -> 
  custom:container-muxer-webm: aa71ff27fc2769a1b78a27578f13a17b -> 
  custom:container-demuxer-webm: 4f35f7cbe854078d1ac9338744f61a02 -> 
  custom:container-demuxer-ogg: 62fdf1f143b41e24485cea50d1cbac27 -> 
  custom:video-encoder-webm-vp8: eb34c28f22e8b96e1ab97ce403110664 -> 
  custom:video-decoder-webm-vp8: 9c59270c3fd7afecdb556c50c9e8de78 -> 
  custom:audio-decoder-ogg-vorbis: bf7c407c2cedff20999df2af8eb42d56 -> 
  custom:audio-encoder-webm-vorbis: bf7c407c2cedff20999df2af8eb42d56 -> 
========================================================================
Received Prepare
Registering precompiled user dll's ...
Registered in 0.515403 seconds.
Begin MonoManager ReloadAssembly
Native extension for WindowsStandalone target not found
Refreshing native plugins compatible for Editor in 0.73 ms, found 2 plugins.
Preloading 0 native plugins for Editor in 0.00 ms.
Mono: successfully reloaded assembly
- Completed reload, in  9.155 seconds
Domain Reload Profiling:
	ReloadAssembly (9171ms)
		BeginReloadAssembly (1889ms)
			ExecutionOrderSort (0ms)
			DisableScriptedObjects (49ms)
			BackupInstance (0ms)
			ReleaseScriptingObjects (0ms)
			CreateAndSetChildDomain (1034ms)
		EndReloadAssembly (6801ms)
			LoadAssemblies (2456ms)
			RebuildTransferFunctionScriptingTraits (0ms)
			SetupTypeCache (737ms)
			ReleaseScriptCaches (2ms)
			RebuildScriptCaches (91ms)
			SetupLoadedEditorAssemblies (3219ms)
				LogAssemblyErrors (0ms)
				InitializePlatformSupportModulesInManaged (29ms)
				SetLoadedEditorAssemblies (1ms)
				RefreshPlugins (1ms)
				BeforeProcessingInitializeOnLoad (373ms)
				ProcessInitializeOnLoadAttributes (2718ms)
				ProcessInitializeOnLoadMethodAttributes (33ms)
				AfterProcessingInitializeOnLoad (63ms)
				EditorAssembliesLoaded (1ms)
			ExecutionOrderSort2 (0ms)
			AwakeInstancesAfterBackupRestoration (42ms)
Platform modules already initialized, skipping
Refreshing native plugins compatible for Editor in 1.03 ms, found 2 plugins.
Preloading 0 native plugins for Editor in 0.00 ms.
Unloading 1416 Unused Serialized files (Serialized files now loaded: 0)
System memory in use before: 69.2 MB.
System memory in use after: 69.3 MB.

Unloading 13 unused Assets to reduce memory usage. Loaded Objects now: 1902.
Total: 11.335868 ms (FindLiveObjects: 0.490356 ms CreateObjectMapping: 0.086533 ms MarkObjects: 10.684668 ms  DeleteObjects: 0.065511 ms)

AssetImportParameters requested are different than current active one (requested -> active):
  custom:framework-win-MediaFoundation: 216162199b28c13a410421893ffa2e32 -> 
  custom:video-decoder-ogg-theora: a1e56fd34408186e4bbccfd4996cb3dc -> 
  custom:container-muxer-webm: aa71ff27fc2769a1b78a27578f13a17b -> 
  custom:container-demuxer-webm: 4f35f7cbe854078d1ac9338744f61a02 -> 
  custom:container-demuxer-ogg: 62fdf1f143b41e24485cea50d1cbac27 -> 
  custom:video-encoder-webm-vp8: eb34c28f22e8b96e1ab97ce403110664 -> 
  custom:video-decoder-webm-vp8: 9c59270c3fd7afecdb556c50c9e8de78 -> 
  custom:audio-decoder-ogg-vorbis: bf7c407c2cedff20999df2af8eb42d56 -> 
  custom:audio-encoder-webm-vorbis: bf7c407c2cedff20999df2af8eb42d56 -> 
========================================================================
Received Prepare
Registering precompiled user dll's ...
Registered in 0.015825 seconds.
Begin MonoManager ReloadAssembly
Native extension for WindowsStandalone target not found
Refreshing native plugins compatible for Editor in 0.64 ms, found 2 plugins.
Preloading 0 native plugins for Editor in 0.00 ms.
Mono: successfully reloaded assembly
- Completed reload, in  2.800 seconds
Domain Reload Profiling:
	ReloadAssembly (2801ms)
		BeginReloadAssembly (284ms)
			ExecutionOrderSort (0ms)
			DisableScriptedObjects (14ms)
			BackupInstance (0ms)
			ReleaseScriptingObjects (0ms)
			CreateAndSetChildDomain (78ms)
		EndReloadAssembly (2357ms)
			LoadAssemblies (261ms)
			RebuildTransferFunctionScriptingTraits (0ms)
			SetupTypeCache (652ms)
			ReleaseScriptCaches (1ms)
			RebuildScriptCaches (87ms)
			SetupLoadedEditorAssemblies (1114ms)
				LogAssemblyErrors (0ms)
				InitializePlatformSupportModulesInManaged (15ms)
				SetLoadedEditorAssemblies (1ms)
				RefreshPlugins (1ms)
				BeforeProcessingInitializeOnLoad (188ms)
				ProcessInitializeOnLoadAttributes (865ms)
				ProcessInitializeOnLoadMethodAttributes (16ms)
				AfterProcessingInitializeOnLoad (27ms)
				EditorAssembliesLoaded (1ms)
			ExecutionOrderSort2 (0ms)
			AwakeInstancesAfterBackupRestoration (19ms)
Platform modules already initialized, skipping
Refreshing native plugins compatible for Editor in 0.67 ms, found 2 plugins.
Preloading 0 native plugins for Editor in 0.00 ms.
Unloading 1416 Unused Serialized files (Serialized files now loaded: 0)
System memory in use before: 69.2 MB.
System memory in use after: 69.3 MB.

Unloading 13 unused Assets to reduce memory usage. Loaded Objects now: 1904.
Total: 6.830756 ms (FindLiveObjects: 0.489867 ms CreateObjectMapping: 0.079200 ms MarkObjects: 6.185912 ms  DeleteObjects: 0.067467 ms)

AssetImportParameters requested are different than current active one (requested -> active):
  custom:framework-win-MediaFoundation: 216162199b28c13a410421893ffa2e32 -> 
  custom:video-decoder-ogg-theora: a1e56fd34408186e4bbccfd4996cb3dc -> 
  custom:container-muxer-webm: aa71ff27fc2769a1b78a27578f13a17b -> 
  custom:container-demuxer-webm: 4f35f7cbe854078d1ac9338744f61a02 -> 
  custom:container-demuxer-ogg: 62fdf1f143b41e24485cea50d1cbac27 -> 
  custom:video-encoder-webm-vp8: eb34c28f22e8b96e1ab97ce403110664 -> 
  custom:video-decoder-webm-vp8: 9c59270c3fd7afecdb556c50c9e8de78 -> 
  custom:audio-decoder-ogg-vorbis: bf7c407c2cedff20999df2af8eb42d56 -> 
  custom:audio-encoder-webm-vorbis: bf7c407c2cedff20999df2af8eb42d56 -> 
========================================================================
Received Prepare
Registering precompiled user dll's ...
Registered in 0.013234 seconds.
Begin MonoManager ReloadAssembly
Native extension for WindowsStandalone target not found
Refreshing native plugins compatible for Editor in 0.64 ms, found 2 plugins.
Preloading 0 native plugins for Editor in 0.00 ms.
Mono: successfully reloaded assembly
- Completed reload, in  2.477 seconds
Domain Reload Profiling:
	ReloadAssembly (2478ms)
		BeginReloadAssembly (254ms)
			ExecutionOrderSort (0ms)
			DisableScriptedObjects (11ms)
			BackupInstance (0ms)
			ReleaseScriptingObjects (0ms)
			CreateAndSetChildDomain (79ms)
		EndReloadAssembly (2061ms)
			LoadAssemblies (208ms)
			RebuildTransferFunctionScriptingTraits (0ms)
			SetupTypeCache (600ms)
			ReleaseScriptCaches (1ms)
			RebuildScriptCaches (76ms)
			SetupLoadedEditorAssemblies (947ms)
				LogAssemblyErrors (0ms)
				InitializePlatformSupportModulesInManaged (13ms)
				SetLoadedEditorAssemblies (1ms)
				RefreshPlugins (1ms)
				BeforeProcessingInitializeOnLoad (170ms)
				ProcessInitializeOnLoadAttributes (737ms)
				ProcessInitializeOnLoadMethodAttributes (10ms)
				AfterProcessingInitializeOnLoad (15ms)
				EditorAssembliesLoaded (1ms)
			ExecutionOrderSort2 (0ms)
			AwakeInstancesAfterBackupRestoration (16ms)
Platform modules already initialized, skipping
Refreshing native plugins compatible for Editor in 1.14 ms, found 2 plugins.
Preloading 0 native plugins for Editor in 0.00 ms.
Unloading 1416 Unused Serialized files (Serialized files now loaded: 0)
System memory in use before: 69.2 MB.
System memory in use after: 69.3 MB.

Unloading 13 unused Assets to reduce memory usage. Loaded Objects now: 1906.
Total: 6.895779 ms (FindLiveObjects: 0.587645 ms CreateObjectMapping: 0.091422 ms MarkObjects: 6.154623 ms  DeleteObjects: 0.043022 ms)

AssetImportParameters requested are different than current active one (requested -> active):
  custom:framework-win-MediaFoundation: 216162199b28c13a410421893ffa2e32 -> 
  custom:video-decoder-ogg-theora: a1e56fd34408186e4bbccfd4996cb3dc -> 
  custom:container-muxer-webm: aa71ff27fc2769a1b78a27578f13a17b -> 
  custom:container-demuxer-webm: 4f35f7cbe854078d1ac9338744f61a02 -> 
  custom:container-demuxer-ogg: 62fdf1f143b41e24485cea50d1cbac27 -> 
  custom:video-encoder-webm-vp8: eb34c28f22e8b96e1ab97ce403110664 -> 
  custom:video-decoder-webm-vp8: 9c59270c3fd7afecdb556c50c9e8de78 -> 
  custom:audio-decoder-ogg-vorbis: bf7c407c2cedff20999df2af8eb42d56 -> 
  custom:audio-encoder-webm-vorbis: bf7c407c2cedff20999df2af8eb42d56 -> 
========================================================================
Received Prepare
Registering precompiled user dll's ...
Registered in 0.017051 seconds.
Begin MonoManager ReloadAssembly
Native extension for WindowsStandalone target not found
Refreshing native plugins compatible for Editor in 0.64 ms, found 2 plugins.
Preloading 0 native plugins for Editor in 0.00 ms.
Mono: successfully reloaded assembly
- Completed reload, in  2.491 seconds
Domain Reload Profiling:
	ReloadAssembly (2492ms)
		BeginReloadAssembly (247ms)
			ExecutionOrderSort (0ms)
			DisableScriptedObjects (11ms)
			BackupInstance (0ms)
			ReleaseScriptingObjects (0ms)
			CreateAndSetChildDomain (71ms)
		EndReloadAssembly (2092ms)
			LoadAssemblies (212ms)
			RebuildTransferFunctionScriptingTraits (0ms)
			SetupTypeCache (588ms)
			ReleaseScriptCaches (1ms)
			RebuildScriptCaches (85ms)
			SetupLoadedEditorAssemblies (980ms)
				LogAssemblyErrors (0ms)
				InitializePlatformSupportModulesInManaged (12ms)
				SetLoadedEditorAssemblies (1ms)
				RefreshPlugins (1ms)
				BeforeProcessingInitializeOnLoad (180ms)
				ProcessInitializeOnLoadAttributes (760ms)
				ProcessInitializeOnLoadMethodAttributes (10ms)
				AfterProcessingInitializeOnLoad (15ms)
				EditorAssembliesLoaded (1ms)
			ExecutionOrderSort2 (0ms)
			AwakeInstancesAfterBackupRestoration (17ms)
Platform modules already initialized, skipping
Refreshing native plugins compatible for Editor in 0.71 ms, found 2 plugins.
Preloading 0 native plugins for Editor in 0.00 ms.
Unloading 1416 Unused Serialized files (Serialized files now loaded: 0)
System memory in use before: 69.2 MB.
System memory in use after: 69.3 MB.

Unloading 13 unused Assets to reduce memory usage. Loaded Objects now: 1908.
Total: 41.356094 ms (FindLiveObjects: 25.751248 ms CreateObjectMapping: 0.595467 ms MarkObjects: 14.869069 ms  DeleteObjects: 0.131511 ms)

AssetImportParameters requested are different than current active one (requested -> active):
  custom:framework-win-MediaFoundation: 216162199b28c13a410421893ffa2e32 -> 
  custom:video-decoder-ogg-theora: a1e56fd34408186e4bbccfd4996cb3dc -> 
  custom:container-muxer-webm: aa71ff27fc2769a1b78a27578f13a17b -> 
  custom:container-demuxer-webm: 4f35f7cbe854078d1ac9338744f61a02 -> 
  custom:container-demuxer-ogg: 62fdf1f143b41e24485cea50d1cbac27 -> 
  custom:video-encoder-webm-vp8: eb34c28f22e8b96e1ab97ce403110664 -> 
  custom:video-decoder-webm-vp8: 9c59270c3fd7afecdb556c50c9e8de78 -> 
  custom:audio-decoder-ogg-vorbis: bf7c407c2cedff20999df2af8eb42d56 -> 
  custom:audio-encoder-webm-vorbis: bf7c407c2cedff20999df2af8eb42d56 -> 
========================================================================
Received Prepare
Registering precompiled user dll's ...
Registered in 0.008849 seconds.
Begin MonoManager ReloadAssembly
Native extension for WindowsStandalone target not found
Refreshing native plugins compatible for Editor in 0.65 ms, found 2 plugins.
Preloading 0 native plugins for Editor in 0.00 ms.
Mono: successfully reloaded assembly
- Completed reload, in  2.733 seconds
Domain Reload Profiling:
	ReloadAssembly (2734ms)
		BeginReloadAssembly (285ms)
			ExecutionOrderSort (0ms)
			DisableScriptedObjects (19ms)
			BackupInstance (0ms)
			ReleaseScriptingObjects (0ms)
			CreateAndSetChildDomain (112ms)
		EndReloadAssembly (2290ms)
			LoadAssemblies (211ms)
			RebuildTransferFunctionScriptingTraits (0ms)
			SetupTypeCache (701ms)
			ReleaseScriptCaches (1ms)
			RebuildScriptCaches (83ms)
			SetupLoadedEditorAssemblies (1011ms)
				LogAssemblyErrors (0ms)
				InitializePlatformSupportModulesInManaged (13ms)
				SetLoadedEditorAssemblies (1ms)
				RefreshPlugins (1ms)
				BeforeProcessingInitializeOnLoad (190ms)
				ProcessInitializeOnLoadAttributes (778ms)
				ProcessInitializeOnLoadMethodAttributes (11ms)
				AfterProcessingInitializeOnLoad (16ms)
				EditorAssembliesLoaded (1ms)
			ExecutionOrderSort2 (0ms)
			AwakeInstancesAfterBackupRestoration (18ms)
Platform modules already initialized, skipping
Refreshing native plugins compatible for Editor in 0.67 ms, found 2 plugins.
Preloading 0 native plugins for Editor in 0.00 ms.
Unloading 1416 Unused Serialized files (Serialized files now loaded: 0)
System memory in use before: 69.2 MB.
System memory in use after: 69.3 MB.

Unloading 13 unused Assets to reduce memory usage. Loaded Objects now: 1910.
Total: 6.480712 ms (FindLiveObjects: 0.505511 ms CreateObjectMapping: 0.077733 ms MarkObjects: 5.827556 ms  DeleteObjects: 0.060133 ms)

AssetImportParameters requested are different than current active one (requested -> active):
  custom:framework-win-MediaFoundation: 216162199b28c13a410421893ffa2e32 -> 
  custom:video-decoder-ogg-theora: a1e56fd34408186e4bbccfd4996cb3dc -> 
  custom:container-muxer-webm: aa71ff27fc2769a1b78a27578f13a17b -> 
  custom:container-demuxer-webm: 4f35f7cbe854078d1ac9338744f61a02 -> 
  custom:container-demuxer-ogg: 62fdf1f143b41e24485cea50d1cbac27 -> 
  custom:video-encoder-webm-vp8: eb34c28f22e8b96e1ab97ce403110664 -> 
  custom:video-decoder-webm-vp8: 9c59270c3fd7afecdb556c50c9e8de78 -> 
  custom:audio-decoder-ogg-vorbis: bf7c407c2cedff20999df2af8eb42d56 -> 
  custom:audio-encoder-webm-vorbis: bf7c407c2cedff20999df2af8eb42d56 -> 
========================================================================
Received Prepare
Registering precompiled user dll's ...
Registered in 0.008458 seconds.
Begin MonoManager ReloadAssembly
Native extension for WindowsStandalone target not found
Refreshing native plugins compatible for Editor in 0.64 ms, found 2 plugins.
Preloading 0 native plugins for Editor in 0.00 ms.
Mono: successfully reloaded assembly
- Completed reload, in  2.421 seconds
Domain Reload Profiling:
	ReloadAssembly (2422ms)
		BeginReloadAssembly (231ms)
			ExecutionOrderSort (0ms)
			DisableScriptedObjects (11ms)
			BackupInstance (0ms)
			ReleaseScriptingObjects (0ms)
			CreateAndSetChildDomain (61ms)
		EndReloadAssembly (2037ms)
			LoadAssemblies (205ms)
			RebuildTransferFunctionScriptingTraits (0ms)
			SetupTypeCache (587ms)
			ReleaseScriptCaches (1ms)
			RebuildScriptCaches (74ms)
			SetupLoadedEditorAssemblies (948ms)
				LogAssemblyErrors (0ms)
				InitializePlatformSupportModulesInManaged (13ms)
				SetLoadedEditorAssemblies (1ms)
				RefreshPlugins (1ms)
				BeforeProcessingInitializeOnLoad (182ms)
				ProcessInitializeOnLoadAttributes (725ms)
				ProcessInitializeOnLoadMethodAttributes (10ms)
				AfterProcessingInitializeOnLoad (15ms)
				EditorAssembliesLoaded (1ms)
			ExecutionOrderSort2 (0ms)
			AwakeInstancesAfterBackupRestoration (17ms)
Platform modules already initialized, skipping
Refreshing native plugins compatible for Editor in 0.66 ms, found 2 plugins.
Preloading 0 native plugins for Editor in 0.00 ms.
Unloading 1416 Unused Serialized files (Serialized files now loaded: 0)
System memory in use before: 69.2 MB.
System memory in use after: 69.3 MB.

Unloading 13 unused Assets to reduce memory usage. Loaded Objects now: 1912.
Total: 6.182001 ms (FindLiveObjects: 0.501111 ms CreateObjectMapping: 0.081156 ms MarkObjects: 5.544490 ms  DeleteObjects: 0.045956 ms)

AssetImportParameters requested are different than current active one (requested -> active):
  custom:framework-win-MediaFoundation: 216162199b28c13a410421893ffa2e32 -> 
  custom:video-decoder-ogg-theora: a1e56fd34408186e4bbccfd4996cb3dc -> 
  custom:container-muxer-webm: aa71ff27fc2769a1b78a27578f13a17b -> 
  custom:container-demuxer-webm: 4f35f7cbe854078d1ac9338744f61a02 -> 
  custom:container-demuxer-ogg: 62fdf1f143b41e24485cea50d1cbac27 -> 
  custom:video-encoder-webm-vp8: eb34c28f22e8b96e1ab97ce403110664 -> 
  custom:video-decoder-webm-vp8: 9c59270c3fd7afecdb556c50c9e8de78 -> 
  custom:audio-decoder-ogg-vorbis: bf7c407c2cedff20999df2af8eb42d56 -> 
  custom:audio-encoder-webm-vorbis: bf7c407c2cedff20999df2af8eb42d56 -> 
========================================================================
Received Import Request.
  Time since last request: 26873.680651 seconds.
  path: Assets/Resources/prefabs/environment/roads/road-piece-alpha.prefab
  artifactKey: Guid(960faf72a87f440478b04db48479840b) Importer(815301076,1909f56bfc062723c751e8b465ee728b)
Start importing Assets/Resources/prefabs/environment/roads/road-piece-alpha.prefab using Guid(960faf72a87f440478b04db48479840b) Importer(815301076,1909f56bfc062723c751e8b465ee728b)  -> (artifact id: '65a807c707c187bb4ef33f36f9ffa4cc') in 1.649595 seconds 
  Import took 1.764464 seconds .

========================================================================
Received Import Request.
  Time since last request: 416.193923 seconds.
  path: Assets/Resources/prefabs/environment/roads/road-piece-A.prefab
  artifactKey: Guid(3e47f9b3f1a487d479c6c56b92972820) Importer(815301076,1909f56bfc062723c751e8b465ee728b)
Start importing Assets/Resources/prefabs/environment/roads/road-piece-A.prefab using Guid(3e47f9b3f1a487d479c6c56b92972820) Importer(815301076,1909f56bfc062723c751e8b465ee728b)  -> (artifact id: '411a692a16f6665a46d17d79d5442094') in 0.568529 seconds 
  Import took 0.608985 seconds .

========================================================================
Received Prepare
Registering precompiled user dll's ...
Registered in 0.738948 seconds.
Begin MonoManager ReloadAssembly
Native extension for WindowsStandalone target not found
Refreshing native plugins compatible for Editor in 1.50 ms, found 2 plugins.
Preloading 0 native plugins for Editor in 0.00 ms.
Mono: successfully reloaded assembly
- Completed reload, in  3.216 seconds
Domain Reload Profiling:
	ReloadAssembly (3217ms)
		BeginReloadAssembly (464ms)
			ExecutionOrderSort (0ms)
			DisableScriptedObjects (15ms)
			BackupInstance (0ms)
			ReleaseScriptingObjects (4ms)
			CreateAndSetChildDomain (202ms)
		EndReloadAssembly (2559ms)
			LoadAssemblies (324ms)
			RebuildTransferFunctionScriptingTraits (0ms)
			SetupTypeCache (643ms)
			ReleaseScriptCaches (1ms)
			RebuildScriptCaches (80ms)
			SetupLoadedEditorAssemblies (1328ms)
				LogAssemblyErrors (0ms)
				InitializePlatformSupportModulesInManaged (13ms)
				SetLoadedEditorAssemblies (2ms)
				RefreshPlugins (2ms)
				BeforeProcessingInitializeOnLoad (220ms)
				ProcessInitializeOnLoadAttributes (1065ms)
				ProcessInitializeOnLoadMethodAttributes (10ms)
				AfterProcessingInitializeOnLoad (15ms)
				EditorAssembliesLoaded (1ms)
			ExecutionOrderSort2 (0ms)
			AwakeInstancesAfterBackupRestoration (18ms)
Platform modules already initialized, skipping
Refreshing native plugins compatible for Editor in 0.72 ms, found 2 plugins.
Preloading 0 native plugins for Editor in 0.00 ms.
Unloading 1416 Unused Serialized files (Serialized files now loaded: 0)
System memory in use before: 72.1 MB.
System memory in use after: 72.2 MB.

Unloading 13 unused Assets to reduce memory usage. Loaded Objects now: 1917.
Total: 7.312312 ms (FindLiveObjects: 0.712311 ms CreateObjectMapping: 0.097778 ms MarkObjects: 6.442579 ms  DeleteObjects: 0.051822 ms)

AssetImportParameters requested are different than current active one (requested -> active):
  custom:framework-win-MediaFoundation: 216162199b28c13a410421893ffa2e32 -> 
  custom:video-decoder-ogg-theora: a1e56fd34408186e4bbccfd4996cb3dc -> 
  custom:container-muxer-webm: aa71ff27fc2769a1b78a27578f13a17b -> 
  custom:container-demuxer-webm: 4f35f7cbe854078d1ac9338744f61a02 -> 
  custom:container-demuxer-ogg: 62fdf1f143b41e24485cea50d1cbac27 -> 
  custom:video-encoder-webm-vp8: eb34c28f22e8b96e1ab97ce403110664 -> 
  custom:video-decoder-webm-vp8: 9c59270c3fd7afecdb556c50c9e8de78 -> 
  custom:audio-decoder-ogg-vorbis: bf7c407c2cedff20999df2af8eb42d56 -> 
  custom:audio-encoder-webm-vorbis: bf7c407c2cedff20999df2af8eb42d56 -> 
========================================================================
Received Prepare
Registering precompiled user dll's ...
Registered in 0.007897 seconds.
Begin MonoManager ReloadAssembly
Native extension for WindowsStandalone target not found
Refreshing native plugins compatible for Editor in 0.66 ms, found 2 plugins.
Preloading 0 native plugins for Editor in 0.00 ms.
Mono: successfully reloaded assembly
- Completed reload, in  4.606 seconds
Domain Reload Profiling:
	ReloadAssembly (4619ms)
		BeginReloadAssembly (881ms)
			ExecutionOrderSort (0ms)
			DisableScriptedObjects (121ms)
			BackupInstance (0ms)
			ReleaseScriptingObjects (0ms)
			CreateAndSetChildDomain (310ms)
		EndReloadAssembly (3546ms)
			LoadAssemblies (433ms)
			RebuildTransferFunctionScriptingTraits (0ms)
			SetupTypeCache (763ms)
			ReleaseScriptCaches (1ms)
			RebuildScriptCaches (89ms)
			SetupLoadedEditorAssemblies (1655ms)
				LogAssemblyErrors (0ms)
				InitializePlatformSupportModulesInManaged (14ms)
				SetLoadedEditorAssemblies (2ms)
				RefreshPlugins (1ms)
				BeforeProcessingInitializeOnLoad (382ms)
				ProcessInitializeOnLoadAttributes (1229ms)
				ProcessInitializeOnLoadMethodAttributes (11ms)
				AfterProcessingInitializeOnLoad (15ms)
				EditorAssembliesLoaded (1ms)
			ExecutionOrderSort2 (0ms)
			AwakeInstancesAfterBackupRestoration (21ms)
Platform modules already initialized, skipping
Refreshing native plugins compatible for Editor in 0.72 ms, found 2 plugins.
Preloading 0 native plugins for Editor in 0.00 ms.
Unloading 1420 Unused Serialized files (Serialized files now loaded: 0)
System memory in use before: 72.2 MB.
System memory in use after: 72.3 MB.

Unloading 13 unused Assets to reduce memory usage. Loaded Objects now: 1923.
Total: 9.168134 ms (FindLiveObjects: 0.541689 ms CreateObjectMapping: 0.095333 ms MarkObjects: 8.475379 ms  DeleteObjects: 0.049378 ms)

AssetImportParameters requested are different than current active one (requested -> active):
  custom:framework-win-MediaFoundation: 216162199b28c13a410421893ffa2e32 -> 
  custom:video-decoder-ogg-theora: a1e56fd34408186e4bbccfd4996cb3dc -> 
  custom:container-muxer-webm: aa71ff27fc2769a1b78a27578f13a17b -> 
  custom:container-demuxer-webm: 4f35f7cbe854078d1ac9338744f61a02 -> 
  custom:container-demuxer-ogg: 62fdf1f143b41e24485cea50d1cbac27 -> 
  custom:video-encoder-webm-vp8: eb34c28f22e8b96e1ab97ce403110664 -> 
  custom:video-decoder-webm-vp8: 9c59270c3fd7afecdb556c50c9e8de78 -> 
  custom:audio-decoder-ogg-vorbis: bf7c407c2cedff20999df2af8eb42d56 -> 
  custom:audio-encoder-webm-vorbis: bf7c407c2cedff20999df2af8eb42d56 -> 
========================================================================
Received Import Request.
  Time since last request: 82447.688595 seconds.
  path: Assets/Resources/prefabs/environment/roads/road-piece-A.prefab
  artifactKey: Guid(3e47f9b3f1a487d479c6c56b92972820) Importer(815301076,1909f56bfc062723c751e8b465ee728b)
Start importing Assets/Resources/prefabs/environment/roads/road-piece-A.prefab using Guid(3e47f9b3f1a487d479c6c56b92972820) Importer(815301076,1909f56bfc062723c751e8b465ee728b)  -> (artifact id: '72e668e2c344df4391d997a06a48277f') in 2.763658 seconds 
  Import took 2.927617 seconds .

========================================================================
Received Import Request.
  Time since last request: 3.697984 seconds.
  path: Assets/Resources/prefabs/environment/roads/road-piece-A.prefab
  artifactKey: Guid(3e47f9b3f1a487d479c6c56b92972820) Importer(815301076,1909f56bfc062723c751e8b465ee728b)
Start importing Assets/Resources/prefabs/environment/roads/road-piece-A.prefab using Guid(3e47f9b3f1a487d479c6c56b92972820) Importer(815301076,1909f56bfc062723c751e8b465ee728b)  -> (artifact id: '55989d2d9f3b0d86508c9cc0775019e3') in 0.364124 seconds 
  Import took 0.415659 seconds .

========================================================================
Received Import Request.
  Time since last request: 8.591744 seconds.
  path: Assets/Resources/prefabs/environment/roads/road-piece-A.prefab
  artifactKey: Guid(3e47f9b3f1a487d479c6c56b92972820) Importer(815301076,1909f56bfc062723c751e8b465ee728b)
Start importing Assets/Resources/prefabs/environment/roads/road-piece-A.prefab using Guid(3e47f9b3f1a487d479c6c56b92972820) Importer(815301076,1909f56bfc062723c751e8b465ee728b)  -> (artifact id: 'a230961b3d76a22ea67d353b535971c9') in 0.290612 seconds 
  Import took 0.316557 seconds .

========================================================================
Received Import Request.
  Time since last request: 21.242215 seconds.
  path: Assets/Resources/prefabs/environment/roads/road-piece-A.prefab
  artifactKey: Guid(3e47f9b3f1a487d479c6c56b92972820) Importer(815301076,1909f56bfc062723c751e8b465ee728b)
Start importing Assets/Resources/prefabs/environment/roads/road-piece-A.prefab using Guid(3e47f9b3f1a487d479c6c56b92972820) Importer(815301076,1909f56bfc062723c751e8b465ee728b)  -> (artifact id: '3d525b33f8ee0650313e86ff4eb39c78') in 0.382248 seconds 
  Import took 0.424917 seconds .

========================================================================
Received Import Request.
  Time since last request: 6.074506 seconds.
  path: Assets/Resources/prefabs/environment/roads/road-piece-A.prefab
  artifactKey: Guid(3e47f9b3f1a487d479c6c56b92972820) Importer(815301076,1909f56bfc062723c751e8b465ee728b)
Start importing Assets/Resources/prefabs/environment/roads/road-piece-A.prefab using Guid(3e47f9b3f1a487d479c6c56b92972820) Importer(815301076,1909f56bfc062723c751e8b465ee728b)  -> (artifact id: '2cf1e7901f98a6dd5de01d73d86a05cf') in 0.460499 seconds 
  Import took 0.511953 seconds .

========================================================================
Received Import Request.
  Time since last request: 22.700509 seconds.
  path: Assets/Resources/prefabs/environment/roads/road-piece-A.prefab
  artifactKey: Guid(3e47f9b3f1a487d479c6c56b92972820) Importer(815301076,1909f56bfc062723c751e8b465ee728b)
Start importing Assets/Resources/prefabs/environment/roads/road-piece-A.prefab using Guid(3e47f9b3f1a487d479c6c56b92972820) Importer(815301076,1909f56bfc062723c751e8b465ee728b)  -> (artifact id: '70ea50263693c0215b04305e4a267331') in 0.357583 seconds 
  Import took 0.410060 seconds .

========================================================================
Received Import Request.
  Time since last request: 6.090935 seconds.
  path: Assets/Resources/prefabs/environment/roads/road-piece-A.prefab
  artifactKey: Guid(3e47f9b3f1a487d479c6c56b92972820) Importer(815301076,1909f56bfc062723c751e8b465ee728b)
Start importing Assets/Resources/prefabs/environment/roads/road-piece-A.prefab using Guid(3e47f9b3f1a487d479c6c56b92972820) Importer(815301076,1909f56bfc062723c751e8b465ee728b)  -> (artifact id: '941e4c6a0a5997e244efdabd7a484ab0') in 0.338612 seconds 
  Import took 0.370529 seconds .

========================================================================
Received Import Request.
  Time since last request: 45.699117 seconds.
  path: Assets/Resources/prefabs/environment/roads/road-piece-A.prefab
  artifactKey: Guid(3e47f9b3f1a487d479c6c56b92972820) Importer(815301076,1909f56bfc062723c751e8b465ee728b)
Start importing Assets/Resources/prefabs/environment/roads/road-piece-A.prefab using Guid(3e47f9b3f1a487d479c6c56b92972820) Importer(815301076,1909f56bfc062723c751e8b465ee728b)  -> (artifact id: '3f9646f00fe6a874a66e61692edc5287') in 0.315707 seconds 
  Import took 0.365751 seconds .

========================================================================
Received Import Request.
  Time since last request: 19.069194 seconds.
  path: Assets/Resources/prefabs/environment/roads/road-piece-A.prefab
  artifactKey: Guid(3e47f9b3f1a487d479c6c56b92972820) Importer(815301076,1909f56bfc062723c751e8b465ee728b)
Start importing Assets/Resources/prefabs/environment/roads/road-piece-A.prefab using Guid(3e47f9b3f1a487d479c6c56b92972820) Importer(815301076,1909f56bfc062723c751e8b465ee728b)  -> (artifact id: '80a78f6562e7e9d0ea71e409b72a769e') in 0.332708 seconds 
  Import took 0.379357 seconds .

========================================================================
Received Import Request.
  Time since last request: 11.439551 seconds.
  path: Assets/Resources/prefabs/environment/roads/road-piece-A.prefab
  artifactKey: Guid(3e47f9b3f1a487d479c6c56b92972820) Importer(815301076,1909f56bfc062723c751e8b465ee728b)
Start importing Assets/Resources/prefabs/environment/roads/road-piece-A.prefab using Guid(3e47f9b3f1a487d479c6c56b92972820) Importer(815301076,1909f56bfc062723c751e8b465ee728b)  -> (artifact id: 'ac195d6a7350de2bf31e9486a94c4e8b') in 0.413172 seconds 
  Import took 0.441721 seconds .

========================================================================
Received Import Request.
  Time since last request: 358.813271 seconds.
  path: Assets/Resources/prefabs/environment/roads/road-piece-A.prefab
  artifactKey: Guid(3e47f9b3f1a487d479c6c56b92972820) Importer(815301076,1909f56bfc062723c751e8b465ee728b)
Start importing Assets/Resources/prefabs/environment/roads/road-piece-A.prefab using Guid(3e47f9b3f1a487d479c6c56b92972820) Importer(815301076,1909f56bfc062723c751e8b465ee728b)  -> (artifact id: 'f48241533cfea3aece6c333506b57c21') in 0.814104 seconds 
  Import took 0.866051 seconds .

========================================================================
Received Prepare
Registering precompiled user dll's ...
Registered in 1.410730 seconds.
Begin MonoManager ReloadAssembly
Native extension for WindowsStandalone target not found
Refreshing native plugins compatible for Editor in 0.72 ms, found 2 plugins.
Preloading 0 native plugins for Editor in 0.00 ms.
Mono: successfully reloaded assembly
- Completed reload, in  4.293 seconds
Domain Reload Profiling:
	ReloadAssembly (4295ms)
		BeginReloadAssembly (819ms)
			ExecutionOrderSort (0ms)
			DisableScriptedObjects (18ms)
			BackupInstance (0ms)
			ReleaseScriptingObjects (0ms)
			CreateAndSetChildDomain (550ms)
		EndReloadAssembly (3306ms)
			LoadAssemblies (302ms)
			RebuildTransferFunctionScriptingTraits (0ms)
			SetupTypeCache (853ms)
			ReleaseScriptCaches (2ms)
			RebuildScriptCaches (134ms)
			SetupLoadedEditorAssemblies (1767ms)
				LogAssemblyErrors (0ms)
				InitializePlatformSupportModulesInManaged (14ms)
				SetLoadedEditorAssemblies (1ms)
				RefreshPlugins (1ms)
				BeforeProcessingInitializeOnLoad (198ms)
				ProcessInitializeOnLoadAttributes (1509ms)
				ProcessInitializeOnLoadMethodAttributes (24ms)
				AfterProcessingInitializeOnLoad (19ms)
				EditorAssembliesLoaded (1ms)
			ExecutionOrderSort2 (0ms)
			AwakeInstancesAfterBackupRestoration (20ms)
Platform modules already initialized, skipping
Refreshing native plugins compatible for Editor in 0.69 ms, found 2 plugins.
Preloading 0 native plugins for Editor in 0.00 ms.
Unloading 1420 Unused Serialized files (Serialized files now loaded: 0)
System memory in use before: 75.2 MB.
System memory in use after: 75.3 MB.

Unloading 13 unused Assets to reduce memory usage. Loaded Objects now: 1926.
Total: 6.781379 ms (FindLiveObjects: 0.495245 ms CreateObjectMapping: 0.077733 ms MarkObjects: 6.156579 ms  DeleteObjects: 0.043511 ms)

AssetImportParameters requested are different than current active one (requested -> active):
  custom:framework-win-MediaFoundation: 216162199b28c13a410421893ffa2e32 -> 
  custom:video-decoder-ogg-theora: a1e56fd34408186e4bbccfd4996cb3dc -> 
  custom:container-muxer-webm: aa71ff27fc2769a1b78a27578f13a17b -> 
  custom:container-demuxer-webm: 4f35f7cbe854078d1ac9338744f61a02 -> 
  custom:container-demuxer-ogg: 62fdf1f143b41e24485cea50d1cbac27 -> 
  custom:video-encoder-webm-vp8: eb34c28f22e8b96e1ab97ce403110664 -> 
  custom:video-decoder-webm-vp8: 9c59270c3fd7afecdb556c50c9e8de78 -> 
  custom:audio-decoder-ogg-vorbis: bf7c407c2cedff20999df2af8eb42d56 -> 
  custom:audio-encoder-webm-vorbis: bf7c407c2cedff20999df2af8eb42d56 -> 
========================================================================
Received Import Request.
  Time since last request: 270.887885 seconds.
  path: Assets/Resources/scriptableobjects/player-fsm/decisions/Move-right-decision.asset
  artifactKey: Guid(234a62fdfaf69914997f7f5c14cc5bdc) Importer(815301076,1909f56bfc062723c751e8b465ee728b)
Start importing Assets/Resources/scriptableobjects/player-fsm/decisions/Move-right-decision.asset using Guid(234a62fdfaf69914997f7f5c14cc5bdc) Importer(815301076,1909f56bfc062723c751e8b465ee728b)  -> (artifact id: 'ded88a4934b69301458dd9dd1748a07e') in 0.166016 seconds 
  Import took 0.170761 seconds .

========================================================================
Received Import Request.
  Time since last request: 0.000124 seconds.
  path: Assets/Resources/scriptableobjects/player-fsm/decisions/Move-left-decision.asset
  artifactKey: Guid(ff3c232820b9dc14d98d6009bbfef99b) Importer(815301076,1909f56bfc062723c751e8b465ee728b)
Start importing Assets/Resources/scriptableobjects/player-fsm/decisions/Move-left-decision.asset using Guid(ff3c232820b9dc14d98d6009bbfef99b) Importer(815301076,1909f56bfc062723c751e8b465ee728b)  -> (artifact id: 'da35f8b4a04f91030e73d2b4b7d491a4') in 0.064919 seconds 
  Import took 0.088607 seconds .

========================================================================
Received Import Request.
  Time since last request: 50.312839 seconds.
  path: Assets/Resources/scriptableobjects/player-fsm/actions/Move-left-action.asset
  artifactKey: Guid(e3380ffda4485cd45ad8ed758d951ca1) Importer(815301076,1909f56bfc062723c751e8b465ee728b)
Start importing Assets/Resources/scriptableobjects/player-fsm/actions/Move-left-action.asset using Guid(e3380ffda4485cd45ad8ed758d951ca1) Importer(815301076,1909f56bfc062723c751e8b465ee728b)  -> (artifact id: '19682ba16a034194d0a805178c5284c0') in 0.020573 seconds 
  Import took 0.026143 seconds .

========================================================================
Received Import Request.
  Time since last request: 6.485664 seconds.
  path: Assets/Resources/scriptableobjects/player-fsm/actions/Move-right-action.asset
  artifactKey: Guid(3b660c264210a0d47b2097951d46b197) Importer(815301076,1909f56bfc062723c751e8b465ee728b)
Start importing Assets/Resources/scriptableobjects/player-fsm/actions/Move-right-action.asset using Guid(3b660c264210a0d47b2097951d46b197) Importer(815301076,1909f56bfc062723c751e8b465ee728b)  -> (artifact id: 'e3bb8f9ab23c10de145d17f479b2b245') in 0.069454 seconds 
  Import took 0.106425 seconds .

========================================================================
Received Import Request.
  Time since last request: 0.012016 seconds.
  path: Assets/Resources/scriptableobjects/player-fsm/actions/Move-right-action.asset
  artifactKey: Guid(3b660c264210a0d47b2097951d46b197) Importer(815301076,1909f56bfc062723c751e8b465ee728b)
Start importing Assets/Resources/scriptableobjects/player-fsm/actions/Move-right-action.asset using Guid(3b660c264210a0d47b2097951d46b197) Importer(815301076,1909f56bfc062723c751e8b465ee728b)  -> (artifact id: 'e3bb8f9ab23c10de145d17f479b2b245') in 0.021188 seconds 
  Import took 0.033044 seconds .

========================================================================
Received Import Request.
  Time since last request: 72.646417 seconds.
  path: Assets/Resources/scriptableobjects/player-fsm/states/Move-left-state.asset
  artifactKey: Guid(d81d952cebde9a84caa3d980b5d3b732) Importer(815301076,1909f56bfc062723c751e8b465ee728b)
Start importing Assets/Resources/scriptableobjects/player-fsm/states/Move-left-state.asset using Guid(d81d952cebde9a84caa3d980b5d3b732) Importer(815301076,1909f56bfc062723c751e8b465ee728b)  -> (artifact id: '33e2e73907dbe698ef4c1516a7c6af50') in 0.085128 seconds 
  Import took 0.089464 seconds .

========================================================================
Received Import Request.
  Time since last request: 14.827573 seconds.
  path: Assets/Resources/scriptableobjects/player-fsm/states/Move-right-state.asset
  artifactKey: Guid(0f59647f58cdbee4eaaf03718e167481) Importer(815301076,1909f56bfc062723c751e8b465ee728b)
Start importing Assets/Resources/scriptableobjects/player-fsm/states/Move-right-state.asset using Guid(0f59647f58cdbee4eaaf03718e167481) Importer(815301076,1909f56bfc062723c751e8b465ee728b)  -> (artifact id: '0433dfcf1dca876f0f6f093c4fe74fcb') in 0.029043 seconds 
  Import took 0.047833 seconds .

========================================================================
Received Prepare
Registering precompiled user dll's ...
Registered in 0.837690 seconds.
Begin MonoManager ReloadAssembly
Native extension for WindowsStandalone target not found
Refreshing native plugins compatible for Editor in 0.70 ms, found 2 plugins.
Preloading 0 native plugins for Editor in 0.00 ms.
Mono: successfully reloaded assembly
- Completed reload, in  3.504 seconds
Domain Reload Profiling:
	ReloadAssembly (3516ms)
		BeginReloadAssembly (470ms)
			ExecutionOrderSort (0ms)
			DisableScriptedObjects (41ms)
			BackupInstance (0ms)
			ReleaseScriptingObjects (0ms)
			CreateAndSetChildDomain (193ms)
		EndReloadAssembly (2853ms)
			LoadAssemblies (305ms)
			RebuildTransferFunctionScriptingTraits (0ms)
			SetupTypeCache (712ms)
			ReleaseScriptCaches (2ms)
			RebuildScriptCaches (93ms)
			SetupLoadedEditorAssemblies (1459ms)
				LogAssemblyErrors (0ms)
				InitializePlatformSupportModulesInManaged (15ms)
				SetLoadedEditorAssemblies (1ms)
				RefreshPlugins (1ms)
				BeforeProcessingInitializeOnLoad (265ms)
				ProcessInitializeOnLoadAttributes (1145ms)
				ProcessInitializeOnLoadMethodAttributes (13ms)
				AfterProcessingInitializeOnLoad (18ms)
				EditorAssembliesLoaded (1ms)
			ExecutionOrderSort2 (0ms)
			AwakeInstancesAfterBackupRestoration (23ms)
Platform modules already initialized, skipping
Refreshing native plugins compatible for Editor in 1.12 ms, found 2 plugins.
Preloading 0 native plugins for Editor in 0.00 ms.
Unloading 1421 Unused Serialized files (Serialized files now loaded: 0)
System memory in use before: 75.3 MB.
System memory in use after: 75.4 MB.

Unloading 13 unused Assets to reduce memory usage. Loaded Objects now: 1929.
Total: 7.900445 ms (FindLiveObjects: 0.630667 ms CreateObjectMapping: 0.390133 ms MarkObjects: 6.499290 ms  DeleteObjects: 0.372533 ms)

AssetImportParameters requested are different than current active one (requested -> active):
  custom:framework-win-MediaFoundation: 216162199b28c13a410421893ffa2e32 -> 
  custom:video-decoder-ogg-theora: a1e56fd34408186e4bbccfd4996cb3dc -> 
  custom:container-muxer-webm: aa71ff27fc2769a1b78a27578f13a17b -> 
  custom:container-demuxer-webm: 4f35f7cbe854078d1ac9338744f61a02 -> 
  custom:container-demuxer-ogg: 62fdf1f143b41e24485cea50d1cbac27 -> 
  custom:video-encoder-webm-vp8: eb34c28f22e8b96e1ab97ce403110664 -> 
  custom:video-decoder-webm-vp8: 9c59270c3fd7afecdb556c50c9e8de78 -> 
  custom:audio-decoder-ogg-vorbis: bf7c407c2cedff20999df2af8eb42d56 -> 
  custom:audio-encoder-webm-vorbis: bf7c407c2cedff20999df2af8eb42d56 -> 
========================================================================
Received Import Request.
  Time since last request: 3467.879423 seconds.
  path: Assets/Resources/scriptableobjects/player-fsm/decisions/Transition-To-Run-Decision.asset
  artifactKey: Guid(c00fc5d2d4aa5574297328ace3fe8810) Importer(815301076,1909f56bfc062723c751e8b465ee728b)
Start importing Assets/Resources/scriptableobjects/player-fsm/decisions/Transition-To-Run-Decision.asset using Guid(c00fc5d2d4aa5574297328ace3fe8810) Importer(815301076,1909f56bfc062723c751e8b465ee728b)  -> (artifact id: '7f4a41c8396d1a89a0d7cb7314854632') in 0.063175 seconds 
  Import took 0.067865 seconds .

========================================================================
Received Import Request.
  Time since last request: 16.963894 seconds.
  path: Assets/Resources/scriptableobjects/player-fsm/states/running-state.asset
  artifactKey: Guid(2c6d50e55b1ebbe43bc7bcce9dafcc04) Importer(815301076,1909f56bfc062723c751e8b465ee728b)
Start importing Assets/Resources/scriptableobjects/player-fsm/states/running-state.asset using Guid(2c6d50e55b1ebbe43bc7bcce9dafcc04) Importer(815301076,1909f56bfc062723c751e8b465ee728b)  -> (artifact id: 'b7dfdf32f3df2e9a4f862d67448fb2e1') in 0.190986 seconds 
  Import took 0.195469 seconds .

========================================================================
Received Import Request.
  Time since last request: 110.608811 seconds.
  path: Assets/Resources/scriptableobjects/player-fsm/states/Move-left-state.asset
  artifactKey: Guid(d81d952cebde9a84caa3d980b5d3b732) Importer(815301076,1909f56bfc062723c751e8b465ee728b)
Start importing Assets/Resources/scriptableobjects/player-fsm/states/Move-left-state.asset using Guid(d81d952cebde9a84caa3d980b5d3b732) Importer(815301076,1909f56bfc062723c751e8b465ee728b)  -> (artifact id: '19211f25ea72b9e7ca5453340cce435b') in 0.050936 seconds 
  Import took 0.058696 seconds .

========================================================================
Received Import Request.
  Time since last request: 0.000611 seconds.
  path: Assets/Resources/scriptableobjects/player-fsm/states/Move-right-state.asset
  artifactKey: Guid(0f59647f58cdbee4eaaf03718e167481) Importer(815301076,1909f56bfc062723c751e8b465ee728b)
Start importing Assets/Resources/scriptableobjects/player-fsm/states/Move-right-state.asset using Guid(0f59647f58cdbee4eaaf03718e167481) Importer(815301076,1909f56bfc062723c751e8b465ee728b)  -> (artifact id: 'f338a8625d4428cf64f2adb8bdf98b15') in 0.036219 seconds 
  Import took 0.062565 seconds .

========================================================================
Received Prepare
Registering precompiled user dll's ...
Registered in 0.009598 seconds.
Begin MonoManager ReloadAssembly
Native extension for WindowsStandalone target not found
Refreshing native plugins compatible for Editor in 0.66 ms, found 2 plugins.
Preloading 0 native plugins for Editor in 0.00 ms.
Mono: successfully reloaded assembly
- Completed reload, in  2.650 seconds
Domain Reload Profiling:
	ReloadAssembly (2651ms)
		BeginReloadAssembly (285ms)
			ExecutionOrderSort (0ms)
			DisableScriptedObjects (25ms)
			BackupInstance (0ms)
			ReleaseScriptingObjects (0ms)
			CreateAndSetChildDomain (82ms)
		EndReloadAssembly (2199ms)
			LoadAssemblies (290ms)
			RebuildTransferFunctionScriptingTraits (0ms)
			SetupTypeCache (641ms)
			ReleaseScriptCaches (1ms)
			RebuildScriptCaches (80ms)
			SetupLoadedEditorAssemblies (978ms)
				LogAssemblyErrors (0ms)
				InitializePlatformSupportModulesInManaged (13ms)
				SetLoadedEditorAssemblies (2ms)
				RefreshPlugins (1ms)
				BeforeProcessingInitializeOnLoad (186ms)
				ProcessInitializeOnLoadAttributes (749ms)
				ProcessInitializeOnLoadMethodAttributes (12ms)
				AfterProcessingInitializeOnLoad (15ms)
				EditorAssembliesLoaded (1ms)
			ExecutionOrderSort2 (0ms)
			AwakeInstancesAfterBackupRestoration (18ms)
Platform modules already initialized, skipping
Refreshing native plugins compatible for Editor in 0.67 ms, found 2 plugins.
Preloading 0 native plugins for Editor in 0.00 ms.
Unloading 1421 Unused Serialized files (Serialized files now loaded: 0)
System memory in use before: 75.3 MB.
System memory in use after: 75.4 MB.

Unloading 13 unused Assets to reduce memory usage. Loaded Objects now: 1931.
Total: 6.854223 ms (FindLiveObjects: 0.521645 ms CreateObjectMapping: 0.092400 ms MarkObjects: 6.178090 ms  DeleteObjects: 0.053289 ms)

AssetImportParameters requested are different than current active one (requested -> active):
  custom:framework-win-MediaFoundation: 216162199b28c13a410421893ffa2e32 -> 
  custom:video-decoder-ogg-theora: a1e56fd34408186e4bbccfd4996cb3dc -> 
  custom:container-muxer-webm: aa71ff27fc2769a1b78a27578f13a17b -> 
  custom:container-demuxer-webm: 4f35f7cbe854078d1ac9338744f61a02 -> 
  custom:container-demuxer-ogg: 62fdf1f143b41e24485cea50d1cbac27 -> 
  custom:video-encoder-webm-vp8: eb34c28f22e8b96e1ab97ce403110664 -> 
  custom:video-decoder-webm-vp8: 9c59270c3fd7afecdb556c50c9e8de78 -> 
  custom:audio-decoder-ogg-vorbis: bf7c407c2cedff20999df2af8eb42d56 -> 
  custom:audio-encoder-webm-vorbis: bf7c407c2cedff20999df2af8eb42d56 -> 
